<?xml version="1.0" encoding="UTF-8"?>
<robot generator="Robot 3.2.2 (Python 3.9.1 on win32)" generated="20210127 10:18:37.531" rpa="false">
<suite id="s1" name="SpiceJetProject" source="C:\RobotFramework\robot_workspace\SpiceJetProject">
<suite id="s1-s1" name="ValidateSuite" source="C:\RobotFramework\robot_workspace\SpiceJetProject\ValidateSuite">
<suite id="s1-s1-s1" name="ValidateDetails" source="C:\RobotFramework\robot_workspace\SpiceJetProject\ValidateSuite\ValidateDetails.robot">
<test id="s1-s1-s1-t1" name="TC1">
<kw name="Launch Browser" library="common_functionality" type="setup">
<kw name="Append To Environment Variable" library="OperatingSystem">
<doc>Appends given ``values`` to environment variable ``name``.</doc>
<arguments>
<arg>Path</arg>
<arg>${OUTPUT_DIR}${/}driver</arg>
</arguments>
<msg timestamp="20210127 10:18:38.029" level="INFO">Environment variable 'Path' set to value 'C:/Program Files/Java/jdk-15.0.1/bin/server;C:/Program Files/Java/jdk-15.0.1/bin;C:\WINDOWS\system32;C:\WINDOWS;C:\WINDOWS\System32\Wbem;C:\WINDOWS\System32\WindowsPowerShell\v1.0\;C:\WINDOWS\System32\OpenSSH\;C:\Python;C:\Python\Scripts;C:\Xampp\mysql\bin;C:\Program Files\Git\cmd;C:\Program Files (x86)\Groovy\bin;C:\Program Files (x86)\Groovy\bin;C:\Program Files\Java\jdk1.8.0_281;C:\Program Files\Java\jdk1.8.0_281\bin;C:\Program Files\nodejs\;C:\Python\Scripts\;C:\Python\;C:\Users\CTEA\AppData\Local\Programs\Microsoft VS Code\bin;C:\Users\CTEA\AppData\Local\Microsoft\WindowsApps;C:\Xampp\mysql\bin;C:\Program Files (x86)\Groovy\bin;C:\Users\CTEA\AppData\Local\Android\Sdk\platform-tools;C:\Users\CTEA\AppData\Roaming\npm;C:\Users\CTEA\Desktop;;C:\RobotFramework\robot_workspace\SpiceJetProject\driver'.</msg>
<status status="PASS" starttime="20210127 10:18:38.028" endtime="20210127 10:18:38.029"></status>
</kw>
<kw name="Open Browser" library="SeleniumLibrary">
<doc>Opens a new browser instance to the optional ``url``.</doc>
<arguments>
<arg>browser=${BROWSER_NAME}</arg>
</arguments>
<msg timestamp="20210127 10:18:38.030" level="INFO">Opening browser 'chrome' to base url 'None'.</msg>
<status status="PASS" starttime="20210127 10:18:38.030" endtime="20210127 10:18:42.310"></status>
</kw>
<kw name="Maximize Browser Window" library="SeleniumLibrary">
<doc>Maximizes current browser window.</doc>
<status status="PASS" starttime="20210127 10:18:42.311" endtime="20210127 10:18:44.498"></status>
</kw>
<kw name="Set Selenium Implicit Wait" library="SeleniumLibrary">
<doc>Sets the implicit wait value used by Selenium.</doc>
<arguments>
<arg>30s</arg>
</arguments>
<status status="PASS" starttime="20210127 10:18:44.498" endtime="20210127 10:18:44.501"></status>
</kw>
<kw name="Go To" library="SeleniumLibrary">
<doc>Navigates the current browser window to the provided ``url``.</doc>
<arguments>
<arg>url=${URL}</arg>
</arguments>
<msg timestamp="20210127 10:18:44.502" level="INFO">Opening url 'https://www.spicejet.com/'</msg>
<status status="PASS" starttime="20210127 10:18:44.502" endtime="20210127 10:19:02.816"></status>
</kw>
<status status="PASS" starttime="20210127 10:18:38.028" endtime="20210127 10:19:02.817"></status>
</kw>
<kw name="Verify_Valid_Credentials">
<arguments>
<arg>ccu</arg>
</arguments>
<kw name="Select Roundtrip" library="DestinationPage">
<kw name="Click Element" library="SeleniumLibrary">
<doc>Click the element identified by ``locator``.</doc>
<arguments>
<arg>${ROUNDTRP_LOC}</arg>
</arguments>
<msg timestamp="20210127 10:19:02.819" level="INFO">Clicking element 'id=ctl00_mainContent_rbtnl_Trip_1'.</msg>
<status status="PASS" starttime="20210127 10:19:02.819" endtime="20210127 10:19:03.985"></status>
</kw>
<status status="PASS" starttime="20210127 10:19:02.818" endtime="20210127 10:19:03.986"></status>
</kw>
<kw name="Enter From Location" library="DestinationPage">
<kw name="Click Element" library="SeleniumLibrary">
<doc>Click the element identified by ``locator``.</doc>
<arguments>
<arg>${FRM_LOC}</arg>
</arguments>
<msg timestamp="20210127 10:19:03.987" level="INFO">Clicking element 'id=ctl00_mainContent_ddl_originStation1_CTXT'.</msg>
<status status="PASS" starttime="20210127 10:19:03.987" endtime="20210127 10:19:04.835"></status>
</kw>
<kw name="Click Element" library="SeleniumLibrary">
<doc>Click the element identified by ``locator``.</doc>
<arguments>
<arg>${FRMCTY_LOC}</arg>
</arguments>
<msg timestamp="20210127 10:19:04.836" level="INFO">Clicking element '//a[text()=" Delhi (DEL)"]'.</msg>
<status status="PASS" starttime="20210127 10:19:04.836" endtime="20210127 10:19:05.548"></status>
</kw>
<status status="PASS" starttime="20210127 10:19:03.986" endtime="20210127 10:19:05.549"></status>
</kw>
<kw name="Enter To Location" library="DestinationPage">
<arguments>
<arg>${loc}</arg>
</arguments>
<kw name="Click Element" library="SeleniumLibrary">
<doc>Click the element identified by ``locator``.</doc>
<arguments>
<arg>${TO_LOC}</arg>
</arguments>
<msg timestamp="20210127 10:19:05.552" level="INFO">Clicking element 'id=ctl00_mainContent_ddl_destinationStation1_CTXT'.</msg>
<status status="PASS" starttime="20210127 10:19:05.550" endtime="20210127 10:19:06.580"></status>
</kw>
<kw name="Input Text" library="SeleniumLibrary">
<doc>Types the given ``text`` into the text field identified by ``locator``.</doc>
<arguments>
<arg>${TO_LOC}</arg>
<arg>${city}</arg>
</arguments>
<msg timestamp="20210127 10:19:06.581" level="INFO">Typing text 'ccu' into text field 'id=ctl00_mainContent_ddl_destinationStation1_CTXT'.</msg>
<status status="PASS" starttime="20210127 10:19:06.581" endtime="20210127 10:19:08.021"></status>
</kw>
<status status="PASS" starttime="20210127 10:19:05.550" endtime="20210127 10:19:08.022"></status>
</kw>
<kw name="Enter Journey Dates" library="DestinationPage">
<kw name="Click Element" library="SeleniumLibrary">
<doc>Click the element identified by ``locator``.</doc>
<arguments>
<arg>${DEPARTDATE_LOC}</arg>
</arguments>
<msg timestamp="20210127 10:19:08.023" level="INFO">Clicking element 'xpath=(//a[@class="ui-state-default"])[5]'.</msg>
<status status="PASS" starttime="20210127 10:19:08.023" endtime="20210127 10:19:08.522"></status>
</kw>
<kw name="Click Element" library="SeleniumLibrary">
<doc>Click the element identified by ``locator``.</doc>
<arguments>
<arg>${RETURNDATE_ICONLOC}</arg>
</arguments>
<msg timestamp="20210127 10:19:08.523" level="INFO">Clicking element 'xpath=(//button[@class="ui-datepicker-trigger"])[2]'.</msg>
<status status="PASS" starttime="20210127 10:19:08.523" endtime="20210127 10:19:09.290"></status>
</kw>
<kw name="Click Element" library="SeleniumLibrary">
<doc>Click the element identified by ``locator``.</doc>
<arguments>
<arg>${RETURNDATE_LOC}</arg>
</arguments>
<msg timestamp="20210127 10:19:09.292" level="INFO">Clicking element 'xpath=(//a[@class="ui-state-default"])[9]'.</msg>
<status status="PASS" starttime="20210127 10:19:09.291" endtime="20210127 10:19:10.344"></status>
</kw>
<status status="PASS" starttime="20210127 10:19:08.022" endtime="20210127 10:19:10.345"></status>
</kw>
<kw name="Enter Passenger Details" library="DestinationPage">
<arguments>
<arg>4</arg>
<arg>2</arg>
</arguments>
<kw name="Click Element" library="SeleniumLibrary">
<doc>Click the element identified by ``locator``.</doc>
<arguments>
<arg>${PASS_LOC}</arg>
</arguments>
<msg timestamp="20210127 10:19:10.357" level="INFO">Clicking element '//div[@class="paxinfo"]'.</msg>
<status status="PASS" starttime="20210127 10:19:10.356" endtime="20210127 10:19:10.889"></status>
</kw>
<kw name="Select From List By Label" library="SeleniumLibrary">
<doc>Selects options from selection list ``locator`` by ``labels``.</doc>
<arguments>
<arg>${ADULT_LOC}</arg>
<arg>${adult}</arg>
</arguments>
<msg timestamp="20210127 10:19:10.890" level="INFO">Selecting options from selection list 'ctl00_mainContent_ddl_Adult' by label 4.</msg>
<status status="PASS" starttime="20210127 10:19:10.889" endtime="20210127 10:19:11.441"></status>
</kw>
<kw name="Select From List By Label" library="SeleniumLibrary">
<doc>Selects options from selection list ``locator`` by ``labels``.</doc>
<arguments>
<arg>${INFANT_LOC}</arg>
<arg>${infant}</arg>
</arguments>
<msg timestamp="20210127 10:19:11.442" level="INFO">Selecting options from selection list 'id=ctl00_mainContent_ddl_Infant' by label 2.</msg>
<status status="PASS" starttime="20210127 10:19:11.441" endtime="20210127 10:19:11.994"></status>
</kw>
<kw name="Click Element" library="SeleniumLibrary">
<doc>Click the element identified by ``locator``.</doc>
<arguments>
<arg>${PASS_LOC}</arg>
</arguments>
<msg timestamp="20210127 10:19:11.995" level="INFO">Clicking element '//div[@class="paxinfo"]'.</msg>
<status status="PASS" starttime="20210127 10:19:11.995" endtime="20210127 10:19:12.239"></status>
</kw>
<status status="PASS" starttime="20210127 10:19:10.345" endtime="20210127 10:19:12.240"></status>
</kw>
<kw name="Enter Currency" library="DestinationPage">
<kw name="Click Element" library="SeleniumLibrary">
<doc>Click the element identified by ``locator``.</doc>
<arguments>
<arg>${CURRENCY_LOC}</arg>
</arguments>
<msg timestamp="20210127 10:19:12.242" level="INFO">Clicking element 'id=ctl00_mainContent_DropDownListCurrency'.</msg>
<status status="PASS" starttime="20210127 10:19:12.241" endtime="20210127 10:19:12.740"></status>
</kw>
<kw name="Click Element" library="SeleniumLibrary">
<doc>Click the element identified by ``locator``.</doc>
<arguments>
<arg>${USD_LOC}</arg>
</arguments>
<msg timestamp="20210127 10:19:12.742" level="INFO">Clicking element '//option[text()='USD']'.</msg>
<status status="PASS" starttime="20210127 10:19:12.741" endtime="20210127 10:19:13.068"></status>
</kw>
<status status="PASS" starttime="20210127 10:19:12.240" endtime="20210127 10:19:13.069"></status>
</kw>
<kw name="Click Search" library="DestinationPage">
<kw name="Click Element" library="SeleniumLibrary">
<doc>Click the element identified by ``locator``.</doc>
<arguments>
<arg>${SEARCH_LOC}</arg>
</arguments>
<msg timestamp="20210127 10:19:13.071" level="INFO">Clicking element 'id=ctl00_mainContent_btn_FindFlights'.</msg>
<status status="PASS" starttime="20210127 10:19:13.070" endtime="20210127 10:19:30.657"></status>
</kw>
<status status="PASS" starttime="20210127 10:19:13.070" endtime="20210127 10:19:30.657"></status>
</kw>
<kw name="Sleep" library="BuiltIn">
<doc>Pauses the test executed for the given time.</doc>
<arguments>
<arg>3s</arg>
</arguments>
<msg timestamp="20210127 10:19:33.660" level="INFO">Slept 3 seconds</msg>
<status status="PASS" starttime="20210127 10:19:30.658" endtime="20210127 10:19:33.660"></status>
</kw>
<kw name="Click Continue" library="FarePage">
<kw name="Click Element" library="SeleniumLibrary">
<doc>Click the element identified by ``locator``.</doc>
<arguments>
<arg>${CONTINUE_LOC}</arg>
</arguments>
<msg timestamp="20210127 10:19:33.663" level="INFO">Clicking element '//span[@class="button-continue-text"]'.</msg>
<status status="PASS" starttime="20210127 10:19:33.662" endtime="20210127 10:19:56.164"></status>
</kw>
<status status="PASS" starttime="20210127 10:19:33.661" endtime="20210127 10:19:56.165"></status>
</kw>
<kw name="Click Login" library="FarePage">
<kw name="Click Element" library="SeleniumLibrary">
<doc>Click the element identified by ``locator``.</doc>
<arguments>
<arg>${LOGIN_LOC}</arg>
</arguments>
<msg timestamp="20210127 10:19:56.166" level="INFO">Clicking element 'id=ControlGroupLoginModelPopUpView_MemberLoginView_ButtonLogIn'.</msg>
<status status="PASS" starttime="20210127 10:19:56.166" endtime="20210127 10:19:57.113"></status>
</kw>
<status status="PASS" starttime="20210127 10:19:56.165" endtime="20210127 10:19:57.114"></status>
</kw>
<kw name="Fetch Pop-up" library="FarePage">
<kw name="Get Text" library="SeleniumLibrary">
<doc>Returns the text value of the element identified by ``locator``.</doc>
<arguments>
<arg>${POPUP_TXT_LOC}</arg>
</arguments>
<assign>
<var>${text5}</var>
</assign>
<msg timestamp="20210127 10:19:57.273" level="INFO">${text5} = Please provide registered User Id (Mobile Number / Email) to proceed further.</msg>
<status status="PASS" starttime="20210127 10:19:57.115" endtime="20210127 10:19:57.274"></status>
</kw>
<kw name="Log To Console" library="BuiltIn">
<doc>Logs the given message to the console.</doc>
<arguments>
<arg>${text5}</arg>
</arguments>
<status status="PASS" starttime="20210127 10:19:57.274" endtime="20210127 10:19:57.275"></status>
</kw>
<status status="PASS" starttime="20210127 10:19:57.114" endtime="20210127 10:19:57.275"></status>
</kw>
<kw name="Validate Pop-up" library="FarePage">
<arguments>
<arg>Please provide registered User Id (Mobile Number / Email) to proceed further.</arg>
</arguments>
<kw name="Element Text Should Be" library="SeleniumLibrary">
<doc>Verifies that element ``locator`` contains exact the text ``expected``.</doc>
<arguments>
<arg>${POPUP_TXT_LOC}</arg>
<arg>${text6}</arg>
</arguments>
<msg timestamp="20210127 10:19:57.276" level="INFO">Verifying element 'id=popup_message' contains exact text 'Please provide registered User Id (Mobile Number / Email) to proceed further.'.</msg>
<status status="PASS" starttime="20210127 10:19:57.276" endtime="20210127 10:19:57.302"></status>
</kw>
<status status="PASS" starttime="20210127 10:19:57.275" endtime="20210127 10:19:57.303"></status>
</kw>
<status status="PASS" starttime="20210127 10:19:02.817" endtime="20210127 10:19:57.303"></status>
</kw>
<kw name="End Browser" library="common_functionality" type="teardown">
<kw name="Close Browser" library="SeleniumLibrary">
<doc>Closes the current browser.</doc>
<status status="PASS" starttime="20210127 10:19:57.304" endtime="20210127 10:20:00.000"></status>
</kw>
<status status="PASS" starttime="20210127 10:19:57.303" endtime="20210127 10:20:00.001"></status>
</kw>
<status status="PASS" starttime="20210127 10:18:38.027" endtime="20210127 10:20:00.001" critical="yes"></status>
</test>
<status status="PASS" starttime="20210127 10:18:37.746" endtime="20210127 10:20:00.003"></status>
</suite>
<status status="PASS" starttime="20210127 10:18:37.742" endtime="20210127 10:20:00.007"></status>
</suite>
<status status="PASS" starttime="20210127 10:18:37.677" endtime="20210127 10:20:00.009"></status>
</suite>
<statistics>
<total>
<stat pass="1" fail="0">Critical Tests</stat>
<stat pass="1" fail="0">All Tests</stat>
</total>
<tag>
</tag>
<suite>
<stat pass="1" fail="0" id="s1" name="SpiceJetProject">SpiceJetProject</stat>
<stat pass="1" fail="0" id="s1-s1" name="ValidateSuite">SpiceJetProject.ValidateSuite</stat>
<stat pass="1" fail="0" id="s1-s1-s1" name="ValidateDetails">SpiceJetProject.ValidateSuite.ValidateDetails</stat>
</suite>
</statistics>
<errors>
</errors>
</robot>
